<?xml version="1.0" encoding="UTF-8"?>
<!-- Generated by org.testng.reporters.JUnitReportReporter -->
<testsuite skipped="0" hostname="DESKTOP-T5A6T6G" name="script.InvalidLogin" tests="2" failures="0" timestamp="07 Oct 2017 16:03:19 GMT" time="30.813" errors="0">
  <testcase name="testInvalidLogin" time="16.614" classname="script.InvalidLogin"/>
  <testcase name="testInvalidLogin" time="14.199" classname="script.InvalidLogin"/>
</testsuite> <!-- script.InvalidLogin -->
