<?xml version="1.0" encoding="UTF-8"?>
<!-- Generated by org.testng.reporters.JUnitReportReporter -->
<testsuite skipped="2" hostname="DESKTOP-T5A6T6G" name="script.ValidLogin" tests="4" failures="0" timestamp="07 Oct 2017 16:03:19 GMT" time="40.603" errors="0">
  <testcase name="testValidLoginViaExcel" time="19.412" classname="script.ValidLogin"/>
  <testcase name="testValidLoginViaExcel" time="21.191" classname="script.ValidLogin"/>
  <testcase name="testValidLogin" classname="script.ValidLogin">
    <skipped/>
  </testcase> <!-- testValidLogin -->
  <testcase name="testValidLogin" classname="script.ValidLogin">
    <skipped/>
  </testcase> <!-- testValidLogin -->
</testsuite> <!-- script.ValidLogin -->
